<?xml version="1.0" encoding="UTF-8"?>
<!-- Generated by org.testng.reporters.JUnitReportReporter -->
<testsuite skipped="0" hostname="HP" name="sampleGitTest.SampleGitTest" tests="1" failures="0" timestamp="15 Apr 2018 05:51:05 GMT" time="62.159" errors="0">
  <testcase name="LoginTest" time="62.159" classname="sampleGitTest.SampleGitTest"/>
</testsuite> <!-- sampleGitTest.SampleGitTest -->
